TN:
SF:app.js
FN:13,(anonymous_0)
FNF:1
FNH:1
FNDA:1,(anonymous_0)
DA:1,1
DA:2,1
DA:3,1
DA:5,1
DA:7,1
DA:10,1
DA:12,1
DA:13,1
DA:14,1
DA:17,1
LF:10
LH:10
BRDA:12,0,0,1
BRDA:12,0,1,1
BRF:2
BRH:2
end_of_record
TN:
SF:bookings\bookings.js
FN:1,displayBookedHotels
FNF:1
FNH:1
FNDA:3,displayBookedHotels
DA:2,3
DA:4,3
DA:5,6
DA:6,2
DA:13,3
DA:14,1
DA:17,2
DA:20,1
LF:8
LH:8
BRDA:5,0,0,2
BRDA:5,0,1,4
BRDA:13,1,0,1
BRDA:13,1,1,2
BRF:4
BRH:4
end_of_record
TN:
SF:hotel\hotel.js
FN:7,clearHotels
FN:11,getHotels
FN:18,getHotelsHandler
FNF:3
FNH:3
FNDA:2,clearHotels
FNDA:3,getHotels
FNDA:1,getHotelsHandler
DA:1,2
DA:8,2
DA:12,3
DA:13,2
DA:15,1
DA:19,1
DA:20,1
DA:21,1
DA:23,0
DA:27,2
LF:10
LH:9
BRDA:12,0,0,2
BRDA:12,0,1,1
BRDA:20,1,0,1
BRDA:20,1,1,0
BRF:4
BRH:3
end_of_record
TN:
SF:pictures\pictures.js
FN:1,getPictures
FNF:1
FNH:1
FNDA:2,getPictures
DA:2,2
DA:4,2
DA:5,4
DA:6,4
DA:7,1
DA:9,3
DA:12,1
DA:15,1
LF:8
LH:8
BRDA:6,0,0,1
BRDA:6,0,1,3
BRF:2
BRH:2
end_of_record
TN:
SF:reservations\reservations.js
FN:7,getReservations
FNF:1
FNH:1
FNDA:1,getReservations
DA:1,1
DA:8,1
DA:11,1
LF:3
LH:3
BRF:0
BRH:0
end_of_record
