TN:
SF:app.js
FN:11,(anonymous_0)
FN:14,(anonymous_1)
FN:17,(anonymous_2)
FN:21,(anonymous_3)
FNF:4
FNH:4
FNDA:1,(anonymous_0)
FNDA:1,(anonymous_1)
FNDA:1,(anonymous_2)
FNDA:1,(anonymous_3)
DA:1,1
DA:2,1
DA:3,1
DA:5,1
DA:7,1
DA:10,1
DA:11,1
DA:12,1
DA:14,1
DA:15,1
DA:17,1
DA:18,1
DA:20,1
DA:21,1
DA:22,1
DA:25,1
LF:16
LH:16
BRDA:20,0,0,1
BRDA:20,0,1,1
BRF:2
BRH:2
end_of_record
TN:
SF:hotel/hotel.js
FN:7,clearHotels
FN:11,getHotels
FN:18,getHotelsHandler
FNF:3
FNH:3
FNDA:1,clearHotels
FNDA:1,getHotels
FNDA:1,getHotelsHandler
DA:1,1
DA:8,1
DA:12,1
DA:13,0
DA:15,1
DA:19,1
DA:20,1
DA:21,0
DA:23,1
DA:27,1
LF:10
LH:8
BRDA:12,0,0,0
BRDA:12,0,1,1
BRDA:20,1,0,0
BRDA:20,1,1,1
BRF:4
BRH:2
end_of_record
